<?xml version="1.0" encoding="UTF-8"?>
<!-- Generated by org.testng.reporters.JUnitXMLReporter -->
<testsuite ignored="5" hostname="BLRSFLT130" failures="1" tests="2" name="Test" time="8.718" errors="0" timestamp="12 Feb 2024 05:30:08 GMT">
  <testcase classname="org.interior.ProductPurchase" name="@BeforeClass start" time="8.626">
    <failure type="org.openqa.selenium.remote.http.ConnectionFailedException" message="Unable to establish websocket connection to http://localhost:60170/devtools/browser/158d542c-7636-4401-8752-f3c6abcb5831
Build info: version: &amp;apos;4.3.0&amp;apos;, revision: &amp;apos;a4995e2c09*&amp;apos;
System info: host: &amp;apos;BLRSFLT130&amp;apos;, ip: &amp;apos;192.168.10.130&amp;apos;, os.name: &amp;apos;Windows 10&amp;apos;, os.arch: &amp;apos;amd64&amp;apos;, os.version: &amp;apos;10.0&amp;apos;, java.version: &amp;apos;11.0.14&amp;apos;
Driver info: driver.version: ChromeDriver">
      <![CDATA[org.openqa.selenium.remote.http.ConnectionFailedException: Unable to establish websocket connection to http://localhost:60170/devtools/browser/158d542c-7636-4401-8752-f3c6abcb5831
Build info: version: '4.3.0', revision: 'a4995e2c09*'
System info: host: 'BLRSFLT130', ip: '192.168.10.130', os.name: 'Windows 10', os.arch: 'amd64', os.version: '10.0', java.version: '11.0.14'
Driver info: driver.version: ChromeDriver
at org.openqa.selenium.remote.http.netty.NettyWebSocket.<init>(NettyWebSocket.java:102)
at org.openqa.selenium.remote.http.netty.NettyWebSocket.lambda$create$3(NettyWebSocket.java:128)
at org.openqa.selenium.remote.http.netty.NettyClient.openSocket(NettyClient.java:106)
at org.openqa.selenium.devtools.Connection.<init>(Connection.java:77)
at org.openqa.selenium.chromium.ChromiumDriver.lambda$new$2(ChromiumDriver.java:116)
at java.base/java.util.Optional.map(Optional.java:265)
at org.openqa.selenium.chromium.ChromiumDriver.<init>(ChromiumDriver.java:114)
at org.openqa.selenium.chrome.ChromeDriver.<init>(ChromeDriver.java:81)
at org.openqa.selenium.chrome.ChromeDriver.<init>(ChromeDriver.java:49)
at org.interior.ProductPurchase.start(ProductPurchase.java:36)
... Removed 26 stack frames]]>
    </failure>
  </testcase> <!-- @BeforeClass start -->
  <testcase classname="org.interior.ProductPurchase" name="productSelecting" time="0.0">
    <skipped/>
  </testcase> <!-- productSelecting -->
  <testcase classname="org.interior.ProductPurchase" name="productSelecting" time="0.034">
    <failure type="java.lang.NullPointerException">
      <![CDATA[java.lang.NullPointerException
at org.interior.ProductPurchaseListener.onTestSkipped(ProductPurchaseListener.java:60)
... Removed 23 stack frames]]>
    </failure>
  </testcase> <!-- productSelecting -->
  <testcase classname="org.interior.ProductPurchase" name="CartWorks" time="0.0">
    <ignored/>
  </testcase> <!-- CartWorks -->
  <testcase classname="org.interior.ProductPurchase" name="checkout" time="0.0">
    <ignored/>
  </testcase> <!-- checkout -->
  <testcase classname="org.interior.ProductPurchase" name="login" time="0.0">
    <ignored/>
  </testcase> <!-- login -->
  <testcase classname="org.interior.ProductPurchase" name="paymentGateway" time="0.0">
    <ignored/>
  </testcase> <!-- paymentGateway -->
  <testcase classname="org.interior.ProductPurchase" name="checkoutPayment" time="0.0">
    <ignored/>
  </testcase> <!-- checkoutPayment -->
</testsuite> <!-- Test -->
