<?xml version="1.0" encoding="UTF-8"?>
<!-- Generated by org.testng.reporters.JUnitReportReporter -->
<testsuite hostname="BLRSFLT195" failures="0" tests="39" name="org.interior.FooterLinks" time="234.051" errors="1" timestamp="09 Nov 2022 07:46:32 GMT" skipped="0">
  <testcase classname="org.interior.FooterLinks" name="furniture" time="7.744"/>
  <testcase classname="org.interior.FooterLinks" name="homeDecore" time="7.283"/>
  <testcase classname="org.interior.FooterLinks" name="rugs" time="6.434"/>
  <testcase classname="org.interior.FooterLinks" name="lighting" time="6.251"/>
  <testcase classname="org.interior.FooterLinks" name="armChairsAndRecliners" time="6.148"/>
  <testcase classname="org.interior.FooterLinks" name="diningTables" time="6.544"/>
  <testcase classname="org.interior.FooterLinks" name="mattresses" time="6.181"/>
  <testcase classname="org.interior.FooterLinks" name="officeStorage" time="6.841"/>
  <testcase classname="org.interior.FooterLinks" name="tvStandsAndMedia" time="6.276"/>
  <testcase classname="org.interior.FooterLinks" name="mariner" time="6.036"/>
  <testcase classname="org.interior.FooterLinks" name="cornelioCappellini" time="5.912"/>
  <testcase classname="org.interior.FooterLinks" name="lexington" time="5.965"/>
  <testcase classname="org.interior.FooterLinks" name="bernhardt" time="5.492"/>
  <testcase classname="org.interior.FooterLinks" name="viewAllBrands" time="6.016"/>
  <testcase classname="org.interior.FooterLinks" name="designStudio" time="4.773"/>
  <testcase classname="org.interior.FooterLinks" name="curtainStudio" time="6.414"/>
  <testcase classname="org.interior.FooterLinks" name="commercialAndResidentialProjects" time="5.528"/>
  <testcase classname="org.interior.FooterLinks" name="allServices" time="5.506"/>
  <testcase classname="org.interior.FooterLinks" name="contactUS" time="5.577"/>
  <testcase classname="org.interior.FooterLinks" name="faqs" time="5.163"/>
  <testcase classname="org.interior.FooterLinks" name="aboutInteriors" time="5.890"/>
  <testcase classname="org.interior.FooterLinks" name="aboutESAG" time="7.072"/>
  <testcase classname="org.interior.FooterLinks" name="careers" time="5.460"/>
  <testcase classname="org.interior.FooterLinks" name="newsCenter" time="6.489"/>
  <testcase classname="org.interior.FooterLinks" name="blog" time="8.070"/>
  <testcase classname="org.interior.FooterLinks" name="trackingOrders" time="5.433"/>
  <testcase classname="org.interior.FooterLinks" name="termsAndCondition" time="5.483"/>
  <testcase classname="org.interior.FooterLinks" name="returnAndRefunds" time="5.092"/>
  <testcase classname="org.interior.FooterLinks" name="deliveryterms" time="4.786"/>
  <testcase classname="org.interior.FooterLinks" name="easyPayment" time="6.453"/>
  <testcase classname="org.interior.FooterLinks" name="privacyPolicy" time="5.088"/>
  <testcase classname="org.interior.FooterLinks" name="sitemap" time="6.102"/>
  <testcase classname="org.interior.FooterLinks" name="UAE" time="5.243"/>
  <testcase classname="org.interior.FooterLinks" name="register" time="4.916"/>
  <testcase classname="org.interior.FooterLinks" name="login" time="11.761"/>
  <testcase classname="org.interior.FooterLinks" name="myOrders" time="5.145"/>
  <testcase classname="org.interior.FooterLinks" name="myAddresses" time="5.165"/>
  <testcase classname="org.interior.FooterLinks" name="accountSettings" time="5.061"/>
  <testcase classname="org.interior.FooterLinks" name="stayUptoDate" time="3.258">
    <error message="element click intercepted: Element &lt;button type=&quot;submit&quot; title=&quot;Add to Cart&quot; class=&quot;action tocart primary&quot;&gt;...&lt;/button&gt; is not clickable at point (180, 21). Other element would receive the click: &lt;ul class=&quot;nav-desktop sticker&quot; data-fullwidth=&quot;0&quot; data-breakpoint=&quot;767&quot;&gt;...&lt;/ul&gt;
  (Session info: chrome=107.0.5304.88)
Build info: version: &#039;4.3.0&#039;, revision: &#039;a4995e2c09*&#039;
System info: host: &#039;BLRSFLT195&#039;, ip: &#039;192.168.10.195&#039;, os.name: &#039;Windows 10&#039;, os.arch: &#039;amd64&#039;, os.version: &#039;10.0&#039;, java.version: &#039;17.0.4&#039;
Driver info: org.openqa.selenium.chrome.ChromeDriver
Command: [110fbfd10c62478e3027b75daed1f26c, clickElement {id=0549cc16-3001-41d0-8970-7c4d9315161a}]
Capabilities {acceptInsecureCerts: false, browserName: chrome, browserVersion: 107.0.5304.88, chrome: {chromedriverVersion: 107.0.5304.62 (1eec40d3a576..., userDataDir: C:\Users\Balaji.p\AppData\L...}, goog:chromeOptions: {debuggerAddress: localhost:53936}, networkConnectionEnabled: false, pageLoadStrategy: normal, platformName: WINDOWS, proxy: Proxy(), se:cdp: ws://localhost:53936/devtoo..., se:cdpVersion: 107.0.5304.88, setWindowRect: true, strictFileInteractability: false, timeouts: {implicit: 0, pageLoad: 300000, script: 30000}, unhandledPromptBehavior: dismiss and notify, webauthn:extension:credBlob: true, webauthn:extension:largeBlob: true, webauthn:virtualAuthenticators: true}
Element: [[ChromeDriver: chrome on WINDOWS (110fbfd10c62478e3027b75daed1f26c)] -&gt; xpath: (//button[@type=&#039;submit&#039;])[3]]
Session ID: 110fbfd10c62478e3027b75daed1f26c" type="org.openqa.selenium.ElementClickInterceptedException">
      <![CDATA[org.openqa.selenium.ElementClickInterceptedException: element click intercepted: Element <button type="submit" title="Add to Cart" class="action tocart primary">...</button> is not clickable at point (180, 21). Other element would receive the click: <ul class="nav-desktop sticker" data-fullwidth="0" data-breakpoint="767">...</ul>
  (Session info: chrome=107.0.5304.88)
Build info: version: '4.3.0', revision: 'a4995e2c09*'
System info: host: 'BLRSFLT195', ip: '192.168.10.195', os.name: 'Windows 10', os.arch: 'amd64', os.version: '10.0', java.version: '17.0.4'
Driver info: org.openqa.selenium.chrome.ChromeDriver
Command: [110fbfd10c62478e3027b75daed1f26c, clickElement {id=0549cc16-3001-41d0-8970-7c4d9315161a}]
Capabilities {acceptInsecureCerts: false, browserName: chrome, browserVersion: 107.0.5304.88, chrome: {chromedriverVersion: 107.0.5304.62 (1eec40d3a576..., userDataDir: C:\Users\Balaji.p\AppData\L...}, goog:chromeOptions: {debuggerAddress: localhost:53936}, networkConnectionEnabled: false, pageLoadStrategy: normal, platformName: WINDOWS, proxy: Proxy(), se:cdp: ws://localhost:53936/devtoo..., se:cdpVersion: 107.0.5304.88, setWindowRect: true, strictFileInteractability: false, timeouts: {implicit: 0, pageLoad: 300000, script: 30000}, unhandledPromptBehavior: dismiss and notify, webauthn:extension:credBlob: true, webauthn:extension:largeBlob: true, webauthn:virtualAuthenticators: true}
Element: [[ChromeDriver: chrome on WINDOWS (110fbfd10c62478e3027b75daed1f26c)] -> xpath: (//button[@type='submit'])[3]]
Session ID: 110fbfd10c62478e3027b75daed1f26c
at java.base/jdk.internal.reflect.NativeConstructorAccessorImpl.newInstance0(Native Method)
at java.base/jdk.internal.reflect.NativeConstructorAccessorImpl.newInstance(NativeConstructorAccessorImpl.java:77)
at java.base/jdk.internal.reflect.DelegatingConstructorAccessorImpl.newInstance(DelegatingConstructorAccessorImpl.java:45)
at java.base/java.lang.reflect.Constructor.newInstanceWithCaller(Constructor.java:499)
at java.base/java.lang.reflect.Constructor.newInstance(Constructor.java:480)
at org.openqa.selenium.remote.codec.w3c.W3CHttpResponseCodec.createException(W3CHttpResponseCodec.java:200)
at org.openqa.selenium.remote.codec.w3c.W3CHttpResponseCodec.decode(W3CHttpResponseCodec.java:133)
at org.openqa.selenium.remote.codec.w3c.W3CHttpResponseCodec.decode(W3CHttpResponseCodec.java:53)
at org.openqa.selenium.remote.HttpCommandExecutor.execute(HttpCommandExecutor.java:184)
at org.openqa.selenium.remote.service.DriverCommandExecutor.invokeExecute(DriverCommandExecutor.java:167)
at org.openqa.selenium.remote.service.DriverCommandExecutor.execute(DriverCommandExecutor.java:142)
at org.openqa.selenium.remote.RemoteWebDriver.execute(RemoteWebDriver.java:569)
at org.openqa.selenium.remote.RemoteWebElement.execute(RemoteWebElement.java:257)
at org.openqa.selenium.remote.RemoteWebElement.click(RemoteWebElement.java:78)
at org.interior.FooterLinks.stayUptoDate(FooterLinks.java:1099)
at java.base/jdk.internal.reflect.NativeMethodAccessorImpl.invoke0(Native Method)
at java.base/jdk.internal.reflect.NativeMethodAccessorImpl.invoke(NativeMethodAccessorImpl.java:77)
at java.base/jdk.internal.reflect.DelegatingMethodAccessorImpl.invoke(DelegatingMethodAccessorImpl.java:43)
at java.base/java.lang.reflect.Method.invoke(Method.java:568)
at org.testng.internal.MethodInvocationHelper.invokeMethod(MethodInvocationHelper.java:124)
at org.testng.internal.Invoker.invokeMethod(Invoker.java:583)
at org.testng.internal.Invoker.invokeTestMethod(Invoker.java:719)
at org.testng.internal.Invoker.invokeTestMethods(Invoker.java:989)
at org.testng.internal.TestMethodWorker.invokeTestMethods(TestMethodWorker.java:125)
at org.testng.internal.TestMethodWorker.run(TestMethodWorker.java:109)
at org.testng.TestRunner.privateRun(TestRunner.java:648)
at org.testng.TestRunner.run(TestRunner.java:505)
at org.testng.SuiteRunner.runTest(SuiteRunner.java:455)
at org.testng.SuiteRunner.runSequentially(SuiteRunner.java:450)
at org.testng.SuiteRunner.privateRun(SuiteRunner.java:415)
at org.testng.SuiteRunner.run(SuiteRunner.java:364)
at org.testng.SuiteRunnerWorker.runSuite(SuiteRunnerWorker.java:52)
at org.testng.SuiteRunnerWorker.run(SuiteRunnerWorker.java:84)
at org.testng.TestNG.runSuitesSequentially(TestNG.java:1208)
at org.testng.TestNG.runSuitesLocally(TestNG.java:1137)
at org.testng.TestNG.runSuites(TestNG.java:1049)
at org.testng.TestNG.run(TestNG.java:1017)
at org.testng.remote.AbstractRemoteTestNG.run(AbstractRemoteTestNG.java:115)
at org.testng.remote.RemoteTestNG.initAndRun(RemoteTestNG.java:251)
at org.testng.remote.RemoteTestNG.main(RemoteTestNG.java:77)
]]>
    </error>
  </testcase> <!-- stayUptoDate -->
</testsuite> <!-- org.interior.FooterLinks -->
